-------------------------------------------------------------------------------
Test set: runners.Runner
-------------------------------------------------------------------------------
Tests run: 4, Failures: 1, Errors: 0, Skipped: 0, Time elapsed: 43.555 s <<< FAILURE! - in runners.Runner
Validate adding new order(SmartBear Functionalities)  Time elapsed: 7.767 s  <<< FAILURE!
org.junit.ComparisonFailure: expected:<07/[07]/2022> but was:<07/[11]/2022>

